<?xml version="1.0" encoding="UTF-8"?>
<!-- Generated by org.testng.reporters.JUnitXMLReporter -->
<testsuite ignored="0" hostname="IN-5W1SP13" failures="0" tests="5" name="Default test" time="262.336" errors="0" timestamp="2022-12-12T10:13:48 IST">
  <testcase classname="flipkarttests.signupcredentialstest" name="invalidsignUpcredential1" time="4.212"/>
  <testcase classname="flipkarttests.signupcredentialstest" name="invalidsignUpcredential2" time="4.222"/>
  <testcase classname="flipkarttests.signupcredentialstest" name="invalidsignUpcredential3" time="4.181"/>
  <testcase classname="flipkarttests.signupcredentialstest" name="validsignUpcredential" time="4.185"/>
  <testcase classname="flipkarttests.signupcredentialstest" name="emptysignupcredential" time="4.176"/>
</testsuite> <!-- Default test -->
